0 info it worked if it ends with ok
1 verbose cli [ 'C:\\Program Files\\nodejs\\\\node.exe',
1 verbose cli   'C:\\Program Files\\nodejs\\node_modules\\npm\\bin\\npm-cli.js',
1 verbose cli   'run',
1 verbose cli   'watch' ]
2 info using npm@2.5.1
3 info using node@v0.12.0
4 verbose node symlink C:\Program Files\nodejs\\node.exe
5 verbose stack Error: ENOENT, open 'E:\Xampp\htdocs\ascometal\wp-content\themes\package.json'
5 verbose stack     at Error (native)
6 verbose cwd E:\Xampp\htdocs\ascometal\wp-content\themes
7 error Windows_NT 6.3.9600
8 error argv "C:\\Program Files\\nodejs\\\\node.exe" "C:\\Program Files\\nodejs\\node_modules\\npm\\bin\\npm-cli.js" "run" "watch"
9 error node v0.12.0
10 error npm  v2.5.1
11 error path E:\Xampp\htdocs\ascometal\wp-content\themes\package.json
12 error code ENOENT
13 error errno -4058
14 error enoent ENOENT, open 'E:\Xampp\htdocs\ascometal\wp-content\themes\package.json'
14 error enoent This is most likely not a problem with npm itself
14 error enoent and is related to npm not being able to find a file.
15 verbose exit [ -4058, true ]
